<?xml version="1.0" encoding="UTF-8"?>
<!-- Generated by org.testng.reporters.JUnitXMLReporter -->
<testsuite ignored="0" hostname="IN-5CG1416BT6" failures="0" tests="5" name="Default test" time="0.059" errors="0" timestamp="2022-09-02T14:56:24 IST">
  <testcase classname="prioritydemo.PriorityDemo" name="ParkCar" time="0.009"/>
  <testcase classname="prioritydemo.PriorityDemo" name="startEngine" time="0.002"/>
  <testcase classname="prioritydemo.PriorityDemo" name="putFirstGear" time="0.002"/>
  <testcase classname="prioritydemo.PriorityDemo" name="putSecondGear" time="0.0"/>
  <testcase classname="prioritydemo.PriorityDemo" name="putThirdGear" time="0.001"/>
</testsuite> <!-- Default test -->
