<?xml version="1.0" encoding="UTF-8"?>
<testng-results ignored="0" total="1" passed="1" failed="0" skipped="0">
  <reporter-output>
  </reporter-output>
  <suite started-at="2022-09-01T16:43:36 IST" name="Default suite" finished-at="2022-09-01T16:43:49 IST" duration-ms="12597">
    <groups>
    </groups>
    <test started-at="2022-09-01T16:43:36 IST" name="Default test" finished-at="2022-09-01T16:43:49 IST" duration-ms="12597">
      <class name="screenshot.HeadlessBrowserDemo">
        <test-method signature="headlessBrowser()[pri:0, instance:screenshot.HeadlessBrowserDemo@3541cb24]" started-at="2022-09-01T16:43:36 IST" name="headlessBrowser" finished-at="2022-09-01T16:43:49 IST" duration-ms="12551" status="PASS">
          <reporter-output>
          </reporter-output>
        </test-method> <!-- headlessBrowser -->
      </class> <!-- screenshot.HeadlessBrowserDemo -->
    </test> <!-- Default test -->
  </suite> <!-- Default suite -->
</testng-results>
