<?xml version="1.0" encoding="UTF-8"?>
<testng-results ignored="0" total="5" passed="5" failed="0" skipped="0">
  <reporter-output>
  </reporter-output>
  <suite started-at="2022-09-02T14:56:24 IST" name="Default suite" finished-at="2022-09-02T14:56:24 IST" duration-ms="59">
    <groups>
    </groups>
    <test started-at="2022-09-02T14:56:24 IST" name="Default test" finished-at="2022-09-02T14:56:24 IST" duration-ms="59">
      <class name="prioritydemo.PriorityDemo">
        <test-method signature="ParkCar()[pri:0, instance:prioritydemo.PriorityDemo@3541cb24]" started-at="2022-09-02T14:56:24 IST" name="ParkCar" finished-at="2022-09-02T14:56:24 IST" duration-ms="9" status="PASS">
          <reporter-output>
          </reporter-output>
        </test-method> <!-- ParkCar -->
        <test-method signature="startEngine()[pri:1, instance:prioritydemo.PriorityDemo@3541cb24]" started-at="2022-09-02T14:56:24 IST" name="startEngine" finished-at="2022-09-02T14:56:24 IST" duration-ms="2" status="PASS">
          <reporter-output>
          </reporter-output>
        </test-method> <!-- startEngine -->
        <test-method signature="putFirstGear()[pri:2, instance:prioritydemo.PriorityDemo@3541cb24]" started-at="2022-09-02T14:56:24 IST" name="putFirstGear" finished-at="2022-09-02T14:56:24 IST" duration-ms="2" status="PASS">
          <reporter-output>
          </reporter-output>
        </test-method> <!-- putFirstGear -->
        <test-method signature="putSecondGear()[pri:3, instance:prioritydemo.PriorityDemo@3541cb24]" started-at="2022-09-02T14:56:24 IST" name="putSecondGear" finished-at="2022-09-02T14:56:24 IST" duration-ms="0" status="PASS">
          <reporter-output>
          </reporter-output>
        </test-method> <!-- putSecondGear -->
        <test-method signature="putThirdGear()[pri:4, instance:prioritydemo.PriorityDemo@3541cb24]" started-at="2022-09-02T14:56:24 IST" name="putThirdGear" finished-at="2022-09-02T14:56:24 IST" duration-ms="1" status="PASS">
          <reporter-output>
          </reporter-output>
        </test-method> <!-- putThirdGear -->
      </class> <!-- prioritydemo.PriorityDemo -->
    </test> <!-- Default test -->
  </suite> <!-- Default suite -->
</testng-results>
