<?xml version="1.0" encoding="UTF-8"?>
<testng-results ignored="0" total="1" passed="1" failed="0" skipped="0">
  <reporter-output>
  </reporter-output>
  <suite started-at="2022-09-08T11:34:47 IST" name="Default suite" finished-at="2022-09-08T11:35:18 IST" duration-ms="31224">
    <groups>
    </groups>
    <test started-at="2022-09-08T11:34:47 IST" name="Default test" finished-at="2022-09-08T11:35:18 IST" duration-ms="31224">
      <class name="com.EasyCal.VerifyLogin">
        <test-method signature="CheckValidUser()[pri:0, instance:com.EasyCal.VerifyLogin@625732]" started-at="2022-09-08T11:34:47 IST" name="CheckValidUser" finished-at="2022-09-08T11:35:18 IST" duration-ms="30255" status="PASS">
          <reporter-output>
          </reporter-output>
        </test-method> <!-- CheckValidUser -->
        <test-method is-config="true" signature="wrapUp()[pri:0, instance:com.EasyCal.VerifyLogin@625732]" started-at="2022-09-08T11:35:18 IST" name="wrapUp" finished-at="2022-09-08T11:35:18 IST" duration-ms="941" status="PASS">
          <reporter-output>
          </reporter-output>
        </test-method> <!-- wrapUp -->
      </class> <!-- com.EasyCal.VerifyLogin -->
    </test> <!-- Default test -->
  </suite> <!-- Default suite -->
</testng-results>
