<?xml version="1.0" encoding="UTF-8"?>
<testng-results ignored="0" total="1" passed="1" failed="0" skipped="0">
  <reporter-output>
  </reporter-output>
  <suite started-at="2022-09-07T19:52:01 IST" name="Default suite" finished-at="2022-09-07T19:52:32 IST" duration-ms="30559">
    <groups>
    </groups>
    <test started-at="2022-09-07T19:52:01 IST" name="Default test" finished-at="2022-09-07T19:52:32 IST" duration-ms="30559">
      <class name="com.easycalculationpages.Main">
        <test-method is-config="true" signature="setup()[pri:0, instance:com.easycalculationpages.Main@1e6454ec]" started-at="2022-09-07T19:52:01 IST" name="setup" finished-at="2022-09-07T19:52:20 IST" duration-ms="18694" status="PASS">
          <reporter-output>
          </reporter-output>
        </test-method> <!-- setup -->
        <test-method signature="navigat()[pri:0, instance:com.easycalculationpages.Main@1e6454ec]" started-at="2022-09-07T19:52:20 IST" name="navigat" finished-at="2022-09-07T19:52:30 IST" duration-ms="10621" status="PASS">
          <reporter-output>
          </reporter-output>
        </test-method> <!-- navigat -->
        <test-method is-config="true" signature="wrapUp()[pri:0, instance:com.easycalculationpages.Main@1e6454ec]" started-at="2022-09-07T19:52:30 IST" name="wrapUp" finished-at="2022-09-07T19:52:32 IST" duration-ms="1212" status="PASS">
          <reporter-output>
          </reporter-output>
        </test-method> <!-- wrapUp -->
      </class> <!-- com.easycalculationpages.Main -->
    </test> <!-- Default test -->
  </suite> <!-- Default suite -->
</testng-results>
