<?xml version="1.0" encoding="UTF-8"?>
<!-- Generated by org.testng.reporters.JUnitXMLReporter -->
<testsuite hostname="IN-5CG1416BT6" ignored="0" name="PositiveTest" tests="1" failures="1" timestamp="2022-09-14T12:12:11 IST" time="0.107" errors="0">
  <testcase name="@AfterTest wrapUp" time="0.001" classname="com.herokuapp.theinternet.PositiveTests">
    <failure type="java.lang.NullPointerException">
      <![CDATA[java.lang.NullPointerException
at com.herokuapp.theinternet.PositiveTests.wrapUp(PositiveTests.java:68)
... Removed 24 stack frames]]>
    </failure>
  </testcase> <!-- @AfterTest wrapUp -->
  <testcase name="logInTest" time="0.006" classname="com.herokuapp.theinternet.PositiveTests">
    <failure type="java.lang.NullPointerException">
      <![CDATA[java.lang.NullPointerException
at com.herokuapp.theinternet.PositiveTests.logInTest(PositiveTests.java:22)
at java.util.ArrayList.forEach(ArrayList.java:1259)
... Removed 27 stack frames]]>
    </failure>
  </testcase> <!-- logInTest -->
</testsuite> <!-- PositiveTest -->
