<?xml version="1.0" encoding="UTF-8"?>
<testng-results ignored="0" total="2" passed="2" failed="0" skipped="0">
  <reporter-output>
  </reporter-output>
  <suite started-at="2022-09-02T11:52:59 IST" name="Suite" finished-at="2022-09-02T11:54:13 IST" duration-ms="74263">
    <groups>
    </groups>
    <test started-at="2022-09-02T11:52:59 IST" name="ChromeTest" finished-at="2022-09-02T11:53:53 IST" duration-ms="53558">
      <class name="multiplebrowser.MultipleBrowserDemo">
        <test-method is-config="true" signature="setUp(java.lang.String)[pri:0, instance:multiplebrowser.MultipleBrowserDemo@27ff5d15]" started-at="2022-09-02T11:52:59 IST" name="setUp" finished-at="2022-09-02T11:53:21 IST" duration-ms="22170" status="PASS">
          <params>
            <param index="0">
              <value>
                <![CDATA[chrome]]>
              </value>
            </param>
          </params>
          <reporter-output>
          </reporter-output>
        </test-method> <!-- setUp -->
        <test-method signature="multiplebrowser()[pri:0, instance:multiplebrowser.MultipleBrowserDemo@27ff5d15]" started-at="2022-09-02T11:53:21 IST" name="multiplebrowser" finished-at="2022-09-02T11:53:51 IST" duration-ms="29728" status="PASS">
          <reporter-output>
          </reporter-output>
        </test-method> <!-- multiplebrowser -->
        <test-method is-config="true" signature="tearDown()[pri:0, instance:multiplebrowser.MultipleBrowserDemo@27ff5d15]" started-at="2022-09-02T11:53:51 IST" name="tearDown" finished-at="2022-09-02T11:53:53 IST" duration-ms="1612" status="PASS">
          <reporter-output>
          </reporter-output>
        </test-method> <!-- tearDown -->
      </class> <!-- multiplebrowser.MultipleBrowserDemo -->
    </test> <!-- ChromeTest -->
    <test started-at="2022-09-02T11:52:59 IST" name="EdgeTest" finished-at="2022-09-02T11:54:13 IST" duration-ms="74263">
      <class name="multiplebrowser.MultipleBrowserDemo">
        <test-method is-config="true" signature="setUp(java.lang.String)[pri:0, instance:multiplebrowser.MultipleBrowserDemo@57d7f8ca]" started-at="2022-09-02T11:52:59 IST" name="setUp" finished-at="2022-09-02T11:54:01 IST" duration-ms="61762" status="PASS">
          <params>
            <param index="0">
              <value>
                <![CDATA[edge]]>
              </value>
            </param>
          </params>
          <reporter-output>
          </reporter-output>
        </test-method> <!-- setUp -->
        <test-method signature="multiplebrowser()[pri:0, instance:multiplebrowser.MultipleBrowserDemo@57d7f8ca]" started-at="2022-09-02T11:54:01 IST" name="multiplebrowser" finished-at="2022-09-02T11:54:11 IST" duration-ms="10551" status="PASS">
          <reporter-output>
          </reporter-output>
        </test-method> <!-- multiplebrowser -->
        <test-method is-config="true" signature="tearDown()[pri:0, instance:multiplebrowser.MultipleBrowserDemo@57d7f8ca]" started-at="2022-09-02T11:54:11 IST" name="tearDown" finished-at="2022-09-02T11:54:13 IST" duration-ms="1942" status="PASS">
          <reporter-output>
          </reporter-output>
        </test-method> <!-- tearDown -->
      </class> <!-- multiplebrowser.MultipleBrowserDemo -->
    </test> <!-- EdgeTest -->
  </suite> <!-- Suite -->
</testng-results>
