<?xml version="1.0" encoding="UTF-8"?>
<testng-results ignored="0" total="1" passed="1" failed="0" skipped="0">
  <reporter-output>
  </reporter-output>
  <suite started-at="2022-09-05T15:46:42 IST" name="Default suite" finished-at="2022-09-05T15:48:02 IST" duration-ms="80091">
    <groups>
    </groups>
    <test started-at="2022-09-05T15:46:42 IST" name="Default test" finished-at="2022-09-05T15:48:02 IST" duration-ms="80091">
      <class name="scrolldown.easemytripcasestudy2">
        <test-method signature="EasyMytrip()[pri:0, instance:scrolldown.easemytripcasestudy2@3541cb24]" started-at="2022-09-05T15:46:42 IST" name="EasyMytrip" finished-at="2022-09-05T15:48:02 IST" duration-ms="80060" status="PASS">
          <reporter-output>
          </reporter-output>
        </test-method> <!-- EasyMytrip -->
      </class> <!-- scrolldown.easemytripcasestudy2 -->
    </test> <!-- Default test -->
  </suite> <!-- Default suite -->
</testng-results>
